2024-12-03 13:43:19:019 [main] INFO  org.testng.internal.Utils - [TestNG] Running:
  C:\Selenium\opencart1\grouping.xml

2024-12-03 13:43:23:023 [main] INFO  testCases.TC002_LoginTest - ***  Starting TC002_LoginTest.... ***
2024-12-03 13:43:23:023 [main] INFO  testCases.TC002_LoginTest - ***  Starting Login Page.... ***
2024-12-03 13:43:25:025 [main] INFO  testCases.TC002_LoginTest - ***  Starting MyAccount Page.... ***
2024-12-03 13:43:25:025 [main] INFO  testCases.TC002_LoginTest - ***  Finished MyAccount Page.... ***
2024-12-03 13:44:07:007 [main] INFO  org.testng.internal.Utils - [TestNG] Running:
  C:\Selenium\opencart1\grouping.xml

2024-12-03 13:44:10:010 [main] INFO  testCases.TC002_LoginTest - ***  Starting TC002_LoginTest.... ***
2024-12-03 13:44:11:011 [main] INFO  testCases.TC002_LoginTest - ***  Starting Login Page.... ***
2024-12-03 13:44:12:012 [main] INFO  testCases.TC002_LoginTest - ***  Starting MyAccount Page.... ***
2024-12-03 13:44:12:012 [main] INFO  testCases.TC002_LoginTest - ***  Finished MyAccount Page.... ***
2024-12-03 13:45:11:011 [main] INFO  org.testng.internal.Utils - [TestNG] Running:
  C:\Selenium\opencart1\master.xml

2024-12-03 13:45:15:015 [main] INFO  testCases.TC001_AccountRegistrationTest - Starting TC001_AccountRegistrationTest.... 
2024-12-03 13:45:15:015 [main] INFO  testCases.TC001_AccountRegistrationTest - Clicking on My Account.... 
2024-12-03 13:45:16:016 [main] INFO  testCases.TC001_AccountRegistrationTest - Providing Customer Details.... 
2024-12-03 13:45:17:017 [main] INFO  testCases.TC001_AccountRegistrationTest - Verifying Confirmation message....
2024-12-03 13:45:17:017 [main] INFO  testCases.TC001_AccountRegistrationTest - Finished TC001_AccountRegistrationTest.... 
2024-12-03 21:45:01:001 [main] INFO  org.testng.internal.Utils - [TestNG] Running:
  C:\Selenium\opencart1\master.xml

2024-12-03 21:45:06:006 [main] INFO  testCases.TC001_AccountRegistrationTest - Starting TC001_AccountRegistrationTest.... 
2024-12-03 21:45:07:007 [main] INFO  testCases.TC001_AccountRegistrationTest - Clicking on My Account.... 
2024-12-03 21:45:07:007 [main] INFO  testCases.TC001_AccountRegistrationTest - Providing Customer Details.... 
2024-12-03 21:45:10:010 [main] INFO  testCases.TC001_AccountRegistrationTest - Verifying Confirmation message....
2024-12-03 21:45:10:010 [main] INFO  testCases.TC001_AccountRegistrationTest - Finished TC001_AccountRegistrationTest.... 
2024-12-03 21:46:34:034 [main] INFO  org.testng.internal.Utils - [TestNG] Running:
  C:\Selenium\opencart1\master.xml

2024-12-03 21:46:38:038 [main] INFO  testCases.TC001_AccountRegistrationTest - Starting TC001_AccountRegistrationTest.... 
2024-12-03 21:46:39:039 [main] INFO  testCases.TC001_AccountRegistrationTest - Clicking on My Account.... 
2024-12-03 21:46:39:039 [main] INFO  testCases.TC001_AccountRegistrationTest - Providing Customer Details.... 
2024-12-03 21:46:41:041 [main] INFO  testCases.TC001_AccountRegistrationTest - Verifying Confirmation message....
2024-12-03 21:46:41:041 [main] INFO  testCases.TC001_AccountRegistrationTest - Finished TC001_AccountRegistrationTest.... 
2024-12-03 21:47:28:028 [main] INFO  org.testng.internal.Utils - [TestNG] Running:
  C:\Selenium\opencart1\master.xml

2024-12-03 21:47:32:032 [main] INFO  testCases.TC001_AccountRegistrationTest - Starting TC001_AccountRegistrationTest.... 
2024-12-03 21:47:32:032 [main] INFO  testCases.TC001_AccountRegistrationTest - Clicking on My Account.... 
2024-12-03 21:47:33:033 [main] INFO  testCases.TC001_AccountRegistrationTest - Providing Customer Details.... 
2024-12-03 21:47:35:035 [main] INFO  testCases.TC001_AccountRegistrationTest - Verifying Confirmation message....
2024-12-03 21:47:35:035 [main] INFO  testCases.TC001_AccountRegistrationTest - Finished TC001_AccountRegistrationTest.... 
2024-12-03 21:47:39:039 [main] INFO  testCases.TC002_LoginTest - ***  Starting TC002_LoginTest.... ***
2024-12-03 21:47:40:040 [main] INFO  testCases.TC002_LoginTest - ***  Starting Login Page.... ***
2024-12-03 21:47:41:041 [main] INFO  testCases.TC002_LoginTest - ***  Starting MyAccount Page.... ***
2024-12-03 21:47:41:041 [main] INFO  testCases.TC002_LoginTest - ***  Finished MyAccount Page.... ***
2024-12-03 21:47:46:046 [main] INFO  testCases.TC003_LoginTestDDT - **** Starting TC003_LoginTestDDT.... ****
2024-12-03 21:47:47:047 [main] INFO  testCases.TC003_LoginTestDDT - **** Starting Home Page....**** 
2024-12-03 21:47:48:048 [main] INFO  testCases.TC003_LoginTestDDT - **** Varifying Valid case....**** 
2024-12-03 21:47:49:049 [main] INFO  testCases.TC003_LoginTestDDT - **** Verifying Invalid case....**** 
2024-12-03 21:47:49:049 [main] INFO  testCases.TC003_LoginTestDDT - **** Finished TC003_LoginTestDDT....**** 
2024-12-03 21:47:49:049 [main] INFO  testCases.TC003_LoginTestDDT - **** Starting TC003_LoginTestDDT.... ****
2024-12-03 21:47:49:049 [main] INFO  testCases.TC003_LoginTestDDT - **** Starting Home Page....**** 
